# Logfile created on 2014-08-19 22:13:03 -0400 by logger.rb/44203
I, [2014-08-19T22:13:03.964766 #12446]  INFO -- : 0:  blankslate (2.1.2.4) from /Users/briancleveland/.rvm/gems/ruby-2.1.0@doom/specifications/blankslate-2.1.2.4.gemspec
I, [2014-08-19T22:13:03.965103 #12446]  INFO -- : 0:  timers (1.1.0) from /Users/briancleveland/.rvm/gems/ruby-2.1.0@doom/specifications/timers-1.1.0.gemspec
I, [2014-08-19T22:13:03.965350 #12446]  INFO -- : 0:  celluloid (0.15.2) from /Users/briancleveland/.rvm/gems/ruby-2.1.0@doom/specifications/celluloid-0.15.2.gemspec
I, [2014-08-19T22:13:03.965591 #12446]  INFO -- : 0:  fast-stemmer (1.0.2) from /Users/briancleveland/.rvm/gems/ruby-2.1.0@doom/specifications/fast-stemmer-1.0.2.gemspec
I, [2014-08-19T22:13:03.965828 #12446]  INFO -- : 0:  classifier (1.3.4) from /Users/briancleveland/.rvm/gems/ruby-2.1.0@doom/specifications/classifier-1.3.4.gemspec
I, [2014-08-19T22:13:03.966063 #12446]  INFO -- : 0:  coderay (1.1.0) from /Users/briancleveland/.rvm/gems/ruby-2.1.0@doom/specifications/coderay-1.1.0.gemspec
I, [2014-08-19T22:13:03.966297 #12446]  INFO -- : 0:  coffee-script-source (1.7.0) from /Users/briancleveland/.rvm/gems/ruby-2.1.0@doom/specifications/coffee-script-source-1.7.0.gemspec
I, [2014-08-19T22:13:03.966529 #12446]  INFO -- : 0:  execjs (2.2.1) from /Users/briancleveland/.rvm/gems/ruby-2.1.0@doom/specifications/execjs-2.2.1.gemspec
I, [2014-08-19T22:13:03.966760 #12446]  INFO -- : 0:  coffee-script (2.2.0) from /Users/briancleveland/.rvm/gems/ruby-2.1.0@doom/specifications/coffee-script-2.2.0.gemspec
I, [2014-08-19T22:13:03.966990 #12446]  INFO -- : 0:  colorator (0.1) from /Users/briancleveland/.rvm/gems/ruby-2.1.0@doom/specifications/colorator-0.1.gemspec
I, [2014-08-19T22:13:03.967221 #12446]  INFO -- : 0:  dotenv-deployment (0.0.2) from /Users/briancleveland/.rvm/gems/ruby-2.1.0@doom/specifications/dotenv-deployment-0.0.2.gemspec
I, [2014-08-19T22:13:03.967451 #12446]  INFO -- : 0:  dotenv (0.11.1) from /Users/briancleveland/.rvm/gems/ruby-2.1.0@doom/specifications/dotenv-0.11.1.gemspec
I, [2014-08-19T22:13:03.967679 #12446]  INFO -- : 0:  ffi (1.9.3) from /Users/briancleveland/.rvm/gems/ruby-2.1.0@doom/specifications/ffi-1.9.3.gemspec
I, [2014-08-19T22:13:03.967907 #12446]  INFO -- : 0:  thor (0.19.1) from /Users/briancleveland/.rvm/gems/ruby-2.1.0@doom/specifications/thor-0.19.1.gemspec
I, [2014-08-19T22:13:03.968133 #12446]  INFO -- : 0:  foreman (0.74.0) from /Users/briancleveland/.rvm/gems/ruby-2.1.0@doom/specifications/foreman-0.74.0.gemspec
I, [2014-08-19T22:13:03.968359 #12446]  INFO -- : 0:  formatador (0.2.5) from /Users/briancleveland/.rvm/gems/ruby-2.1.0@doom/specifications/formatador-0.2.5.gemspec
I, [2014-08-19T22:13:03.968587 #12446]  INFO -- : 0:  rb-fsevent (0.9.4) from /Users/briancleveland/.rvm/gems/ruby-2.1.0@doom/specifications/rb-fsevent-0.9.4.gemspec
I, [2014-08-19T22:13:03.968811 #12446]  INFO -- : 0:  rb-inotify (0.9.5) from /Users/briancleveland/.rvm/gems/ruby-2.1.0@doom/specifications/rb-inotify-0.9.5.gemspec
I, [2014-08-19T22:13:03.969038 #12446]  INFO -- : 0:  listen (2.7.9) from /Users/briancleveland/.rvm/gems/ruby-2.1.0@doom/specifications/listen-2.7.9.gemspec
I, [2014-08-19T22:13:03.969265 #12446]  INFO -- : 0:  lumberjack (1.0.9) from /Users/briancleveland/.rvm/gems/ruby-2.1.0@doom/specifications/lumberjack-1.0.9.gemspec
I, [2014-08-19T22:13:03.969493 #12446]  INFO -- : 0:  method_source (0.8.2) from /Users/briancleveland/.rvm/gems/ruby-2.1.0@doom/specifications/method_source-0.8.2.gemspec
I, [2014-08-19T22:13:03.969720 #12446]  INFO -- : 0:  slop (3.5.0) from /Users/briancleveland/.rvm/gems/ruby-2.1.0@doom/specifications/slop-3.5.0.gemspec
I, [2014-08-19T22:13:03.969945 #12446]  INFO -- : 0:  pry (0.10.0) from /Users/briancleveland/.rvm/gems/ruby-2.1.0@doom/specifications/pry-0.10.0.gemspec
I, [2014-08-19T22:13:03.970172 #12446]  INFO -- : 0:  guard (2.6.1) from /Users/briancleveland/.rvm/gems/ruby-2.1.0@doom/specifications/guard-2.6.1.gemspec
I, [2014-08-19T22:13:03.970397 #12446]  INFO -- : 0:  sass (3.3.8) from /Users/briancleveland/.rvm/gems/ruby-2.1.0@doom/specifications/sass-3.3.8.gemspec
I, [2014-08-19T22:13:03.970635 #12446]  INFO -- : 0:  guard-sass (1.4.0) from /Users/briancleveland/.rvm/gems/ruby-2.1.0@doom/specifications/guard-sass-1.4.0.gemspec
I, [2014-08-19T22:13:03.970866 #12446]  INFO -- : 0:  jekyll-coffeescript (1.0.0) from /Users/briancleveland/.rvm/gems/ruby-2.1.0@doom/specifications/jekyll-coffeescript-1.0.0.gemspec
I, [2014-08-19T22:13:03.971095 #12446]  INFO -- : 0:  jekyll-sass-converter (1.0.0) from /Users/briancleveland/.rvm/gems/ruby-2.1.0@doom/specifications/jekyll-sass-converter-1.0.0.gemspec
I, [2014-08-19T22:13:03.971323 #12446]  INFO -- : 0:  kramdown (1.4.0) from /Users/briancleveland/.rvm/gems/ruby-2.1.0@doom/specifications/kramdown-1.4.0.gemspec
I, [2014-08-19T22:13:03.971550 #12446]  INFO -- : 0:  liquid (2.5.5) from /Users/briancleveland/.rvm/gems/ruby-2.1.0@doom/specifications/liquid-2.5.5.gemspec
I, [2014-08-19T22:13:03.971777 #12446]  INFO -- : 0:  mercenary (0.3.3) from /Users/briancleveland/.rvm/gems/ruby-2.1.0@doom/specifications/mercenary-0.3.3.gemspec
I, [2014-08-19T22:13:03.972005 #12446]  INFO -- : 0:  posix-spawn (0.3.8) from /Users/briancleveland/.rvm/gems/ruby-2.1.0@doom/specifications/posix-spawn-0.3.8.gemspec
I, [2014-08-19T22:13:03.972232 #12446]  INFO -- : 0:  yajl-ruby (1.1.0) from /Users/briancleveland/.rvm/gems/ruby-2.1.0@doom/specifications/yajl-ruby-1.1.0.gemspec
I, [2014-08-19T22:13:03.972458 #12446]  INFO -- : 0:  pygments.rb (0.5.4) from /Users/briancleveland/.rvm/gems/ruby-2.1.0@doom/specifications/pygments.rb-0.5.4.gemspec
I, [2014-08-19T22:13:03.972685 #12446]  INFO -- : 0:  redcarpet (3.1.2) from /Users/briancleveland/.rvm/gems/ruby-2.1.0@doom/specifications/redcarpet-3.1.2.gemspec
I, [2014-08-19T22:13:03.972909 #12446]  INFO -- : 0:  safe_yaml (1.0.3) from /Users/briancleveland/.rvm/gems/ruby-2.1.0@doom/specifications/safe_yaml-1.0.3.gemspec
I, [2014-08-19T22:13:03.973132 #12446]  INFO -- : 0:  parslet (1.5.0) from /Users/briancleveland/.rvm/gems/ruby-2.1.0@doom/specifications/parslet-1.5.0.gemspec
I, [2014-08-19T22:13:03.973360 #12446]  INFO -- : 0:  toml (0.1.1) from /Users/briancleveland/.rvm/gems/ruby-2.1.0@doom/specifications/toml-0.1.1.gemspec
I, [2014-08-19T22:13:03.973649 #12446]  INFO -- : 0:  jekyll (2.0.3) from /Users/briancleveland/.rvm/gems/ruby-2.1.0@doom/specifications/jekyll-2.0.3.gemspec
I, [2014-08-19T22:13:04.652463 #12446]  INFO -- : 0:  jekyll-asset-pipeline (0.1.2) from /Users/briancleveland/.rvm/gems/ruby-2.1.0@doom/specifications/jekyll-asset-pipeline-0.1.2.gemspec
I, [2014-08-19T22:13:04.652775 #12446]  INFO -- : 0:  bundler (1.5.1) from /Users/briancleveland/.rvm/gems/ruby-2.1.0@global/specifications/bundler-1.5.1.gemspec
I, [2014-08-19T22:20:32.752442 #12549]  INFO -- : 0:  blankslate (2.1.2.4) from /Users/briancleveland/.rvm/gems/ruby-2.1.0@doom/specifications/blankslate-2.1.2.4.gemspec
I, [2014-08-19T22:20:32.752816 #12549]  INFO -- : 0:  timers (1.1.0) from /Users/briancleveland/.rvm/gems/ruby-2.1.0@doom/specifications/timers-1.1.0.gemspec
I, [2014-08-19T22:20:32.753082 #12549]  INFO -- : 0:  celluloid (0.15.2) from /Users/briancleveland/.rvm/gems/ruby-2.1.0@doom/specifications/celluloid-0.15.2.gemspec
I, [2014-08-19T22:20:32.753334 #12549]  INFO -- : 0:  fast-stemmer (1.0.2) from /Users/briancleveland/.rvm/gems/ruby-2.1.0@doom/specifications/fast-stemmer-1.0.2.gemspec
I, [2014-08-19T22:20:32.753573 #12549]  INFO -- : 0:  classifier (1.3.4) from /Users/briancleveland/.rvm/gems/ruby-2.1.0@doom/specifications/classifier-1.3.4.gemspec
I, [2014-08-19T22:20:32.753816 #12549]  INFO -- : 0:  coderay (1.1.0) from /Users/briancleveland/.rvm/gems/ruby-2.1.0@doom/specifications/coderay-1.1.0.gemspec
I, [2014-08-19T22:20:32.754061 #12549]  INFO -- : 0:  coffee-script-source (1.7.0) from /Users/briancleveland/.rvm/gems/ruby-2.1.0@doom/specifications/coffee-script-source-1.7.0.gemspec
I, [2014-08-19T22:20:32.754301 #12549]  INFO -- : 0:  execjs (2.2.1) from /Users/briancleveland/.rvm/gems/ruby-2.1.0@doom/specifications/execjs-2.2.1.gemspec
I, [2014-08-19T22:20:32.754547 #12549]  INFO -- : 0:  coffee-script (2.2.0) from /Users/briancleveland/.rvm/gems/ruby-2.1.0@doom/specifications/coffee-script-2.2.0.gemspec
I, [2014-08-19T22:20:32.754804 #12549]  INFO -- : 0:  colorator (0.1) from /Users/briancleveland/.rvm/gems/ruby-2.1.0@doom/specifications/colorator-0.1.gemspec
I, [2014-08-19T22:20:32.755043 #12549]  INFO -- : 0:  dotenv-deployment (0.0.2) from /Users/briancleveland/.rvm/gems/ruby-2.1.0@doom/specifications/dotenv-deployment-0.0.2.gemspec
I, [2014-08-19T22:20:32.755278 #12549]  INFO -- : 0:  dotenv (0.11.1) from /Users/briancleveland/.rvm/gems/ruby-2.1.0@doom/specifications/dotenv-0.11.1.gemspec
I, [2014-08-19T22:20:32.755514 #12549]  INFO -- : 0:  ffi (1.9.3) from /Users/briancleveland/.rvm/gems/ruby-2.1.0@doom/specifications/ffi-1.9.3.gemspec
I, [2014-08-19T22:20:32.755753 #12549]  INFO -- : 0:  thor (0.19.1) from /Users/briancleveland/.rvm/gems/ruby-2.1.0@doom/specifications/thor-0.19.1.gemspec
I, [2014-08-19T22:20:32.755989 #12549]  INFO -- : 0:  foreman (0.74.0) from /Users/briancleveland/.rvm/gems/ruby-2.1.0@doom/specifications/foreman-0.74.0.gemspec
I, [2014-08-19T22:20:32.756218 #12549]  INFO -- : 0:  formatador (0.2.5) from /Users/briancleveland/.rvm/gems/ruby-2.1.0@doom/specifications/formatador-0.2.5.gemspec
I, [2014-08-19T22:20:32.756454 #12549]  INFO -- : 0:  rb-fsevent (0.9.4) from /Users/briancleveland/.rvm/gems/ruby-2.1.0@doom/specifications/rb-fsevent-0.9.4.gemspec
I, [2014-08-19T22:20:32.756687 #12549]  INFO -- : 0:  rb-inotify (0.9.5) from /Users/briancleveland/.rvm/gems/ruby-2.1.0@doom/specifications/rb-inotify-0.9.5.gemspec
I, [2014-08-19T22:20:32.756918 #12549]  INFO -- : 0:  listen (2.7.9) from /Users/briancleveland/.rvm/gems/ruby-2.1.0@doom/specifications/listen-2.7.9.gemspec
I, [2014-08-19T22:20:32.757151 #12549]  INFO -- : 0:  lumberjack (1.0.9) from /Users/briancleveland/.rvm/gems/ruby-2.1.0@doom/specifications/lumberjack-1.0.9.gemspec
I, [2014-08-19T22:20:32.757384 #12549]  INFO -- : 0:  method_source (0.8.2) from /Users/briancleveland/.rvm/gems/ruby-2.1.0@doom/specifications/method_source-0.8.2.gemspec
I, [2014-08-19T22:20:32.757615 #12549]  INFO -- : 0:  slop (3.5.0) from /Users/briancleveland/.rvm/gems/ruby-2.1.0@doom/specifications/slop-3.5.0.gemspec
I, [2014-08-19T22:20:32.757846 #12549]  INFO -- : 0:  pry (0.10.0) from /Users/briancleveland/.rvm/gems/ruby-2.1.0@doom/specifications/pry-0.10.0.gemspec
I, [2014-08-19T22:20:32.758080 #12549]  INFO -- : 0:  guard (2.6.1) from /Users/briancleveland/.rvm/gems/ruby-2.1.0@doom/specifications/guard-2.6.1.gemspec
I, [2014-08-19T22:20:32.758305 #12549]  INFO -- : 0:  sass (3.3.8) from /Users/briancleveland/.rvm/gems/ruby-2.1.0@doom/specifications/sass-3.3.8.gemspec
I, [2014-08-19T22:20:32.758538 #12549]  INFO -- : 0:  guard-sass (1.4.0) from /Users/briancleveland/.rvm/gems/ruby-2.1.0@doom/specifications/guard-sass-1.4.0.gemspec
I, [2014-08-19T22:20:33.718541 #12549]  INFO -- : 0:  hike (1.2.3) from /Users/briancleveland/.rvm/gems/ruby-2.1.0@doom/specifications/hike-1.2.3.gemspec
I, [2014-08-19T22:20:33.718882 #12549]  INFO -- : 0:  jekyll-coffeescript (1.0.0) from /Users/briancleveland/.rvm/gems/ruby-2.1.0@doom/specifications/jekyll-coffeescript-1.0.0.gemspec
I, [2014-08-19T22:20:33.719131 #12549]  INFO -- : 0:  jekyll-sass-converter (1.0.0) from /Users/briancleveland/.rvm/gems/ruby-2.1.0@doom/specifications/jekyll-sass-converter-1.0.0.gemspec
I, [2014-08-19T22:20:33.719368 #12549]  INFO -- : 0:  kramdown (1.4.0) from /Users/briancleveland/.rvm/gems/ruby-2.1.0@doom/specifications/kramdown-1.4.0.gemspec
I, [2014-08-19T22:20:33.719602 #12549]  INFO -- : 0:  liquid (2.5.5) from /Users/briancleveland/.rvm/gems/ruby-2.1.0@doom/specifications/liquid-2.5.5.gemspec
I, [2014-08-19T22:20:33.719837 #12549]  INFO -- : 0:  mercenary (0.3.3) from /Users/briancleveland/.rvm/gems/ruby-2.1.0@doom/specifications/mercenary-0.3.3.gemspec
I, [2014-08-19T22:20:33.720066 #12549]  INFO -- : 0:  posix-spawn (0.3.8) from /Users/briancleveland/.rvm/gems/ruby-2.1.0@doom/specifications/posix-spawn-0.3.8.gemspec
I, [2014-08-19T22:20:33.720294 #12549]  INFO -- : 0:  yajl-ruby (1.1.0) from /Users/briancleveland/.rvm/gems/ruby-2.1.0@doom/specifications/yajl-ruby-1.1.0.gemspec
I, [2014-08-19T22:20:33.720536 #12549]  INFO -- : 0:  pygments.rb (0.5.4) from /Users/briancleveland/.rvm/gems/ruby-2.1.0@doom/specifications/pygments.rb-0.5.4.gemspec
I, [2014-08-19T22:20:33.720763 #12549]  INFO -- : 0:  redcarpet (3.1.2) from /Users/briancleveland/.rvm/gems/ruby-2.1.0@doom/specifications/redcarpet-3.1.2.gemspec
I, [2014-08-19T22:20:33.720990 #12549]  INFO -- : 0:  safe_yaml (1.0.3) from /Users/briancleveland/.rvm/gems/ruby-2.1.0@doom/specifications/safe_yaml-1.0.3.gemspec
I, [2014-08-19T22:20:33.721215 #12549]  INFO -- : 0:  parslet (1.5.0) from /Users/briancleveland/.rvm/gems/ruby-2.1.0@doom/specifications/parslet-1.5.0.gemspec
I, [2014-08-19T22:20:33.721437 #12549]  INFO -- : 0:  toml (0.1.1) from /Users/briancleveland/.rvm/gems/ruby-2.1.0@doom/specifications/toml-0.1.1.gemspec
I, [2014-08-19T22:20:33.721657 #12549]  INFO -- : 0:  jekyll (2.0.3) from /Users/briancleveland/.rvm/gems/ruby-2.1.0@doom/specifications/jekyll-2.0.3.gemspec
I, [2014-08-19T22:20:34.766500 #12549]  INFO -- : 0:  multi_json (1.10.1) from /Users/briancleveland/.rvm/gems/ruby-2.1.0@doom/specifications/multi_json-1.10.1.gemspec
I, [2014-08-19T22:20:36.037960 #12549]  INFO -- : 0:  rack (1.5.2) from /Users/briancleveland/.rvm/gems/ruby-2.1.0@doom/specifications/rack-1.5.2.gemspec
I, [2014-08-19T22:20:36.650430 #12549]  INFO -- : 0:  tilt (1.4.1) from /Users/briancleveland/.rvm/gems/ruby-2.1.0@doom/specifications/tilt-1.4.1.gemspec
I, [2014-08-19T22:20:41.073045 #12549]  INFO -- : 0:  sprockets (2.12.1) from /Users/briancleveland/.rvm/gems/ruby-2.1.0@doom/specifications/sprockets-2.12.1.gemspec
I, [2014-08-19T22:20:41.623370 #12549]  INFO -- : 0:  sprockets-helpers (1.1.0) from /Users/briancleveland/.rvm/gems/ruby-2.1.0@doom/specifications/sprockets-helpers-1.1.0.gemspec
I, [2014-08-19T22:20:42.325029 #12549]  INFO -- : 0:  sprockets-sass (1.2.0) from /Users/briancleveland/.rvm/gems/ruby-2.1.0@doom/specifications/sprockets-sass-1.2.0.gemspec
I, [2014-08-19T22:20:43.890230 #12549]  INFO -- : 0:  jekyll-assets (0.9.2) from /Users/briancleveland/.rvm/gems/ruby-2.1.0@doom/specifications/jekyll-assets-0.9.2.gemspec
I, [2014-08-19T22:20:43.890654 #12549]  INFO -- : 0:  json (1.8.1) from /Users/briancleveland/.rvm/rubies/ruby-2.1.0/lib/ruby/gems/2.1.0/specifications/default/json-1.8.1.gemspec
I, [2014-08-19T22:20:45.103469 #12549]  INFO -- : 0:  uglifier (2.5.3) from /Users/briancleveland/.rvm/gems/ruby-2.1.0@doom/specifications/uglifier-2.5.3.gemspec
I, [2014-08-19T22:20:45.103994 #12549]  INFO -- : 0:  bundler (1.5.1) from /Users/briancleveland/.rvm/gems/ruby-2.1.0@global/specifications/bundler-1.5.1.gemspec
